<?xml version="1.0" encoding="UTF-8"?>
<testng-results skipped="0" failed="1" ignored="0" total="2" passed="1">
  <reporter-output>
  </reporter-output>
  <suite name="Default suite" duration-ms="59928" started-at="2018-02-11T23:12:03Z" finished-at="2018-02-11T23:13:03Z">
    <groups>
    </groups>
    <test name="Default test" duration-ms="59928" started-at="2018-02-11T23:12:03Z" finished-at="2018-02-11T23:13:03Z">
      <class name="com.consciousit.WebAndroidTest.ConsITTest1">
        <test-method status="PASS" signature="testPurchase()[pri:1, instance:com.consciousit.WebAndroidTest.ConsITTest1@26be92ad]" name="testPurchase" duration-ms="53557" started-at="2018-02-11T23:12:03Z" finished-at="2018-02-11T23:12:57Z">
          <reporter-output>
          </reporter-output>
        </test-method> <!-- testPurchase -->
        <test-method status="FAIL" signature="tryForFree()[pri:2, instance:com.consciousit.WebAndroidTest.ConsITTest1@26be92ad]" name="tryForFree" duration-ms="6330" started-at="2018-02-11T23:12:57Z" finished-at="2018-02-11T23:13:03Z">
          <exception class="org.openqa.selenium.NoSuchElementException">
            <message>
              <![CDATA[no such element: Unable to locate element: {"method":"xpath","selector":"android.widget.Button['Try Free']"}
  (Session info: chrome=60.0.3112.107)
  (Driver info: chromedriver=2.33.506106 (8a06c39c4582fbfbab6966dbb1c38a9173bfb1a2),platform=Mac OS X 10.13.2 x86_64) (WARNING: The server did not provide any stacktrace information)
Command duration or timeout: 0 milliseconds
For documentation on this error, please visit: http://seleniumhq.org/exceptions/no_such_element.html
Build info: version: '3.6.0', revision: '6fbf3ec767', time: '2017-09-27T15:28:36.4Z'
System info: host: 'Yvonnes-MBP', ip: '192.168.0.5', os.name: 'Mac OS X', os.arch: 'x86_64', os.version: '10.13.2', java.version: '1.8.0_151'
Driver info: io.appium.java_client.android.AndroidDriver
Capabilities [{app=/Users/yvonneak/Documents/AutomationFiles/appiumJar/com.android.chrome_60.0.3112.107-311210711_minAPI21(x86)(nodpi)_apkmirror.com.apk, appPackage=com.android.chrome, deviceScreenSize=1080x1920, networkConnectionEnabled=true, warnings={}, plateformName=ANDROID, databaseEnabled=false, deviceName=emulator-5554, platform=LINUX, deviceUDID=emulator-5554, desired={app=/Users/yvonneak/Documents/AutomationFiles/appiumJar/com.android.chrome_60.0.3112.107-311210711_minAPI21(x86)(nodpi)_apkmirror.com.apk, appPackage=com.android.chrome, plateformName=ANDROID, browserName=chrome, platformName=Android, deviceName=android Device}, platformVersion=5.0.2, webStorageEnabled=false, locationContextEnabled=false, takesScreenshot=true, browserName=chrome, javascriptEnabled=true, deviceModel=Android SDK built for x86_64, deviceManufacturer=unknown, platformName=LINUX}]
Session ID: 78337b3a-049c-4646-bb82-9618d20d7058
*** Element info: {Using=xpath, value=android.widget.Button['Try Free']}]]>
            </message>
            <full-stacktrace>
              <![CDATA[org.openqa.selenium.NoSuchElementException: no such element: Unable to locate element: {"method":"xpath","selector":"android.widget.Button['Try Free']"}
  (Session info: chrome=60.0.3112.107)
  (Driver info: chromedriver=2.33.506106 (8a06c39c4582fbfbab6966dbb1c38a9173bfb1a2),platform=Mac OS X 10.13.2 x86_64) (WARNING: The server did not provide any stacktrace information)
Command duration or timeout: 0 milliseconds
For documentation on this error, please visit: http://seleniumhq.org/exceptions/no_such_element.html
Build info: version: '3.6.0', revision: '6fbf3ec767', time: '2017-09-27T15:28:36.4Z'
System info: host: 'Yvonnes-MBP', ip: '192.168.0.5', os.name: 'Mac OS X', os.arch: 'x86_64', os.version: '10.13.2', java.version: '1.8.0_151'
Driver info: io.appium.java_client.android.AndroidDriver
Capabilities [{app=/Users/yvonneak/Documents/AutomationFiles/appiumJar/com.android.chrome_60.0.3112.107-311210711_minAPI21(x86)(nodpi)_apkmirror.com.apk, appPackage=com.android.chrome, deviceScreenSize=1080x1920, networkConnectionEnabled=true, warnings={}, plateformName=ANDROID, databaseEnabled=false, deviceName=emulator-5554, platform=LINUX, deviceUDID=emulator-5554, desired={app=/Users/yvonneak/Documents/AutomationFiles/appiumJar/com.android.chrome_60.0.3112.107-311210711_minAPI21(x86)(nodpi)_apkmirror.com.apk, appPackage=com.android.chrome, plateformName=ANDROID, browserName=chrome, platformName=Android, deviceName=android Device}, platformVersion=5.0.2, webStorageEnabled=false, locationContextEnabled=false, takesScreenshot=true, browserName=chrome, javascriptEnabled=true, deviceModel=Android SDK built for x86_64, deviceManufacturer=unknown, platformName=LINUX}]
Session ID: 78337b3a-049c-4646-bb82-9618d20d7058
*** Element info: {Using=xpath, value=android.widget.Button['Try Free']}
	at sun.reflect.NativeConstructorAccessorImpl.newInstance0(Native Method)
	at sun.reflect.NativeConstructorAccessorImpl.newInstance(NativeConstructorAccessorImpl.java:62)
	at sun.reflect.DelegatingConstructorAccessorImpl.newInstance(DelegatingConstructorAccessorImpl.java:45)
	at java.lang.reflect.Constructor.newInstance(Constructor.java:423)
	at org.openqa.selenium.remote.ErrorHandler.createThrowable(ErrorHandler.java:214)
	at org.openqa.selenium.remote.ErrorHandler.throwIfResponseFailed(ErrorHandler.java:166)
	at org.openqa.selenium.remote.http.JsonHttpResponseCodec.reconstructValue(JsonHttpResponseCodec.java:40)
	at org.openqa.selenium.remote.http.AbstractHttpResponseCodec.decode(AbstractHttpResponseCodec.java:82)
	at org.openqa.selenium.remote.http.AbstractHttpResponseCodec.decode(AbstractHttpResponseCodec.java:45)
	at org.openqa.selenium.remote.HttpCommandExecutor.execute(HttpCommandExecutor.java:164)
	at io.appium.java_client.remote.AppiumCommandExecutor.execute(AppiumCommandExecutor.java:89)
	at org.openqa.selenium.remote.RemoteWebDriver.execute(RemoteWebDriver.java:586)
	at io.appium.java_client.DefaultGenericMobileDriver.execute(DefaultGenericMobileDriver.java:42)
	at io.appium.java_client.AppiumDriver.execute(AppiumDriver.java:1)
	at io.appium.java_client.android.AndroidDriver.execute(AndroidDriver.java:1)
	at org.openqa.selenium.remote.RemoteWebDriver.findElement(RemoteWebDriver.java:356)
	at io.appium.java_client.DefaultGenericMobileDriver.findElement(DefaultGenericMobileDriver.java:62)
	at io.appium.java_client.AppiumDriver.findElement(AppiumDriver.java:1)
	at io.appium.java_client.android.AndroidDriver.findElement(AndroidDriver.java:1)
	at org.openqa.selenium.remote.RemoteWebDriver.findElementByXPath(RemoteWebDriver.java:458)
	at io.appium.java_client.DefaultGenericMobileDriver.findElementByXPath(DefaultGenericMobileDriver.java:140)
	at io.appium.java_client.AppiumDriver.findElementByXPath(AppiumDriver.java:1)
	at io.appium.java_client.android.AndroidDriver.findElementByXPath(AndroidDriver.java:1)
	at com.consciousit.WebAndroidTest.ConsITTest1.tryForFree(ConsITTest1.java:44)
	at sun.reflect.NativeMethodAccessorImpl.invoke0(Native Method)
	at sun.reflect.NativeMethodAccessorImpl.invoke(NativeMethodAccessorImpl.java:62)
	at sun.reflect.DelegatingMethodAccessorImpl.invoke(DelegatingMethodAccessorImpl.java:43)
	at java.lang.reflect.Method.invoke(Method.java:498)
	at org.testng.internal.MethodInvocationHelper.invokeMethod(MethodInvocationHelper.java:104)
	at org.testng.internal.Invoker.invokeMethod(Invoker.java:645)
	at org.testng.internal.Invoker.invokeTestMethod(Invoker.java:851)
	at org.testng.internal.Invoker.invokeTestMethods(Invoker.java:1177)
	at org.testng.internal.TestMethodWorker.invokeTestMethods(TestMethodWorker.java:129)
	at org.testng.internal.TestMethodWorker.run(TestMethodWorker.java:112)
	at org.testng.TestRunner.privateRun(TestRunner.java:756)
	at org.testng.TestRunner.run(TestRunner.java:610)
	at org.testng.SuiteRunner.runTest(SuiteRunner.java:387)
	at org.testng.SuiteRunner.runSequentially(SuiteRunner.java:382)
	at org.testng.SuiteRunner.privateRun(SuiteRunner.java:340)
	at org.testng.SuiteRunner.run(SuiteRunner.java:289)
	at org.testng.SuiteRunnerWorker.runSuite(SuiteRunnerWorker.java:52)
	at org.testng.SuiteRunnerWorker.run(SuiteRunnerWorker.java:86)
	at org.testng.TestNG.runSuitesSequentially(TestNG.java:1293)
	at org.testng.TestNG.runSuitesLocally(TestNG.java:1218)
	at org.testng.TestNG.runSuites(TestNG.java:1133)
	at org.testng.TestNG.run(TestNG.java:1104)
	at org.testng.remote.AbstractRemoteTestNG.run(AbstractRemoteTestNG.java:114)
	at org.testng.remote.RemoteTestNG.initAndRun(RemoteTestNG.java:251)
	at org.testng.remote.RemoteTestNG.main(RemoteTestNG.java:77)
]]>
            </full-stacktrace>
          </exception> <!-- org.openqa.selenium.NoSuchElementException -->
          <reporter-output>
          </reporter-output>
        </test-method> <!-- tryForFree -->
      </class> <!-- com.consciousit.WebAndroidTest.ConsITTest1 -->
    </test> <!-- Default test -->
  </suite> <!-- Default suite -->
</testng-results>
